<?xml version="1.0" encoding="UTF-8"?>
<!-- Generated by org.testng.reporters.JUnitReportReporter -->
<testsuite skipped="0" hostname="Elhossary" name="org.example.testRunner.Runners" tests="15" failures="2" timestamp="2022-10-07T16:45:04 EET" time="188.433" errors="1">
  <testcase name="runScenario" time="13.369" classname="org.example.testRunner.Runners"/>
  <system-out/>
  <testcase name="runScenario" time="9.374" classname="org.example.testRunner.Runners"/>
  <system-out/>
  <testcase name="runScenario" time="15.577" classname="org.example.testRunner.Runners"/>
  <system-out/>
  <testcase name="runScenario" time="10.593" classname="org.example.testRunner.Runners"/>
  <system-out/>
  <testcase name="runScenario" time="13.691" classname="org.example.testRunner.Runners"/>
  <system-out/>
  <testcase name="runScenario" time="18.569" classname="org.example.testRunner.Runners"/>
  <system-out/>
  <testcase name="runScenario" time="9.255" classname="org.example.testRunner.Runners">
    <error type="java.lang.IndexOutOfBoundsException" message="Index: 1, Size: 1">
      <![CDATA[java.lang.IndexOutOfBoundsException: Index: 1, Size: 1
at java.util.ArrayList.rangeCheck(ArrayList.java:659)
at java.util.ArrayList.get(ArrayList.java:435)
at org.example.stepDefs.D07_followUsStepDef.Click_Rss(D07_followUsStepDef.java:39)
at ✽.user clicks on Rss icon(file:///D:/Testig/Ecommerce/src/main/resources/Features/F07_followUs.feature:12)
]]>
    </error>
  </testcase> <!-- runScenario -->
  <system-out/>
  <testcase name="runScenario" time="11.479" classname="org.example.testRunner.Runners"/>
  <system-out/>
  <testcase name="runScenario" time="12.217" classname="org.example.testRunner.Runners">
    <failure type="java.lang.AssertionError" message="expected [https://demo.nopcommerce.com/nokia-lumia-1020] but found [https://demo.nopcommerce.com/]">
      <![CDATA[java.lang.AssertionError: expected [https://demo.nopcommerce.com/nokia-lumia-1020] but found [https://demo.nopcommerce.com/]
at org.testng.Assert.fail(Assert.java:110)
at org.testng.Assert.failNotEquals(Assert.java:1413)
at org.testng.Assert.assertEqualsImpl(Assert.java:149)
at org.testng.Assert.assertEquals(Assert.java:131)
at org.testng.Assert.assertEquals(Assert.java:655)
at org.testng.Assert.assertEquals(Assert.java:665)
at org.example.stepDefs.D06_homeSlidersStepDef.Check_url(D06_homeSlidersStepDef.java:25)
at ✽.check wether the url is changed to "https://demo.nopcommerce.com/nokia-lumia-1020"(file:///D:/Testig/Ecommerce/src/main/resources/Features/F06_homeSliders.feature:5)
]]>
    </failure>
  </testcase> <!-- runScenario -->
  <system-out/>
  <testcase name="runScenario" time="13.956" classname="org.example.testRunner.Runners"/>
  <system-out/>
  <testcase name="runScenario" time="12.857" classname="org.example.testRunner.Runners"/>
  <system-out/>
  <testcase name="runScenario" time="17.155" classname="org.example.testRunner.Runners"/>
  <system-out/>
  <testcase name="runScenario" time="10.015" classname="org.example.testRunner.Runners"/>
  <system-out/>
  <testcase name="runScenario" time="12.170" classname="org.example.testRunner.Runners">
    <failure type="java.lang.AssertionError" message="expected [https://demo.nopcommerce.com/iphone-6] but found [https://demo.nopcommerce.com/]">
      <![CDATA[java.lang.AssertionError: expected [https://demo.nopcommerce.com/iphone-6] but found [https://demo.nopcommerce.com/]
at org.testng.Assert.fail(Assert.java:110)
at org.testng.Assert.failNotEquals(Assert.java:1413)
at org.testng.Assert.assertEqualsImpl(Assert.java:149)
at org.testng.Assert.assertEquals(Assert.java:131)
at org.testng.Assert.assertEquals(Assert.java:655)
at org.testng.Assert.assertEquals(Assert.java:665)
at org.example.stepDefs.D06_homeSlidersStepDef.Check_url(D06_homeSlidersStepDef.java:25)
at ✽.check wether the url is changed to "https://demo.nopcommerce.com/iphone-6"(file:///D:/Testig/Ecommerce/src/main/resources/Features/F06_homeSliders.feature:11)
]]>
    </failure>
  </testcase> <!-- runScenario -->
  <system-out/>
  <testcase name="runScenario" time="8.156" classname="org.example.testRunner.Runners"/>
  <system-out/>
</testsuite> <!-- org.example.testRunner.Runners -->
